Using pre-set license
Built from '2021.3/staging' branch; Version is '2021.3.3f1 (af2e63e8f9bd) revision 11480675'; Using compiler version '192829333'; Build Type 'Release'
OS: 'Windows 11  (10.0.22000) 64bit CoreSingleLanguage' Language: 'en' Physical Memory: 16225 MB
BatchMode: 1, IsHumanControllingUs: 0, StartBugReporterOnCrash: 0, Is64bit: 1, IsPro: 1

COMMAND LINE ARGUMENTS:
C:\Program Files\Unity\Hub\Editor\2021.3.3f1\Editor\Unity.exe
-adb2
-batchMode
-noUpm
-name
AssetImportWorker0
-projectPath
D:/intership/InnovaProject/InnovaUnity
-logFile
Logs/AssetImportWorker0.log
-srvPort
60831
Successfully changed project path to: D:/intership/InnovaProject/InnovaUnity
D:/intership/InnovaProject/InnovaUnity
[UnityMemory] Configuration Parameters - Can be set up in boot.config
    "memorysetup-bucket-allocator-granularity=16"
    "memorysetup-bucket-allocator-bucket-count=8"
    "memorysetup-bucket-allocator-block-size=33554432"
    "memorysetup-bucket-allocator-block-count=8"
    "memorysetup-main-allocator-block-size=16777216"
    "memorysetup-thread-allocator-block-size=16777216"
    "memorysetup-gfx-main-allocator-block-size=16777216"
    "memorysetup-gfx-thread-allocator-block-size=16777216"
    "memorysetup-cache-allocator-block-size=4194304"
    "memorysetup-typetree-allocator-block-size=2097152"
    "memorysetup-profiler-bucket-allocator-granularity=16"
    "memorysetup-profiler-bucket-allocator-bucket-count=8"
    "memorysetup-profiler-bucket-allocator-block-size=33554432"
    "memorysetup-profiler-bucket-allocator-block-count=8"
    "memorysetup-profiler-allocator-block-size=16777216"
    "memorysetup-profiler-editor-allocator-block-size=1048576"
    "memorysetup-temp-allocator-size-main=16777216"
    "memorysetup-job-temp-allocator-block-size=2097152"
    "memorysetup-job-temp-allocator-block-size-background=1048576"
    "memorysetup-job-temp-allocator-reduction-small-platforms=262144"
    "memorysetup-temp-allocator-size-background-worker=32768"
    "memorysetup-temp-allocator-size-job-worker=262144"
    "memorysetup-temp-allocator-size-preload-manager=33554432"
    "memorysetup-temp-allocator-size-nav-mesh-worker=65536"
    "memorysetup-temp-allocator-size-audio-worker=65536"
    "memorysetup-temp-allocator-size-cloud-worker=32768"
    "memorysetup-temp-allocator-size-gi-baking-worker=262144"
    "memorysetup-temp-allocator-size-gfx=262144"
Refreshing native plugins compatible for Editor in 121.51 ms, found 3 plugins.
Preloading 0 native plugins for Editor in 0.00 ms.
Initialize engine version: 2021.3.3f1 (af2e63e8f9bd)
[Subsystems] Discovering subsystems at path C:/Program Files/Unity/Hub/Editor/2021.3.3f1/Editor/Data/Resources/UnitySubsystems
[Subsystems] Discovering subsystems at path D:/intership/InnovaProject/InnovaUnity/Assets
GfxDevice: creating device client; threaded=0; jobified=0
Direct3D:
    Version:  Direct3D 11.0 [level 11.1]
    Renderer: NVIDIA GeForce GTX 1660 Ti (ID=0x2191)
    Vendor:   NVIDIA
    VRAM:     5991 MB
    Driver:   31.0.15.1659
Initialize mono
Mono path[0] = 'C:/Program Files/Unity/Hub/Editor/2021.3.3f1/Editor/Data/Managed'
Mono path[1] = 'C:/Program Files/Unity/Hub/Editor/2021.3.3f1/Editor/Data/MonoBleedingEdge/lib/mono/unityjit-win32'
Mono config path = 'C:/Program Files/Unity/Hub/Editor/2021.3.3f1/Editor/Data/MonoBleedingEdge/etc'
Using monoOptions --debugger-agent=transport=dt_socket,embedding=1,server=y,suspend=n,address=127.0.0.1:56344
Begin MonoManager ReloadAssembly
Registering precompiled unity dll's ...
Register platform support module: C:/Program Files/Unity/Hub/Editor/2021.3.3f1/Editor/Data/PlaybackEngines/WebGLSupport/UnityEditor.WebGL.Extensions.dll
Register platform support module: C:/Program Files/Unity/Hub/Editor/2021.3.3f1/Editor/Data/PlaybackEngines/WindowsStandaloneSupport/UnityEditor.WindowsStandalone.Extensions.dll
Registered in 0.004589 seconds.
Native extension for WindowsStandalone target not found
Native extension for WebGL target not found
Refreshing native plugins compatible for Editor in 110.46 ms, found 3 plugins.
Preloading 0 native plugins for Editor in 0.00 ms.
Mono: successfully reloaded assembly
- Completed reload, in  0.697 seconds
Domain Reload Profiling:
	ReloadAssembly (698ms)
		BeginReloadAssembly (72ms)
			ExecutionOrderSort (0ms)
			DisableScriptedObjects (0ms)
			BackupInstance (0ms)
			ReleaseScriptingObjects (0ms)
			CreateAndSetChildDomain (1ms)
		EndReloadAssembly (502ms)
			LoadAssemblies (70ms)
			RebuildTransferFunctionScriptingTraits (0ms)
			SetupTypeCache (115ms)
			ReleaseScriptCaches (0ms)
			RebuildScriptCaches (31ms)
			SetupLoadedEditorAssemblies (305ms)
				LogAssemblyErrors (0ms)
				InitializePlatformSupportModulesInManaged (9ms)
				SetLoadedEditorAssemblies (0ms)
				RefreshPlugins (111ms)
				BeforeProcessingInitializeOnLoad (1ms)
				ProcessInitializeOnLoadAttributes (132ms)
				ProcessInitializeOnLoadMethodAttributes (52ms)
				AfterProcessingInitializeOnLoad (0ms)
				EditorAssembliesLoaded (0ms)
			ExecutionOrderSort2 (0ms)
			AwakeInstancesAfterBackupRestoration (0ms)
Platform modules already initialized, skipping
Registering precompiled user dll's ...
Registered in 0.005176 seconds.
Begin MonoManager ReloadAssembly
Symbol file LoadedFromMemory doesn't match image D:\intership\InnovaProject\InnovaUnity\Library\PackageCache\com.unity.visualscripting@1.7.6\Editor\VisualScripting.Core\Dependencies\YamlDotNet\Unity.VisualScripting.YamlDotNet.dll
Symbol file LoadedFromMemory doesn't match image D:\intership\InnovaProject\InnovaUnity\Library\PackageCache\com.unity.visualscripting@1.7.6\Editor\VisualScripting.Core\Dependencies\DotNetZip\Unity.VisualScripting.IonicZip.dll
Native extension for WindowsStandalone target not found
Native extension for WebGL target not found
Refreshing native plugins compatible for Editor in 122.45 ms, found 3 plugins.
Preloading 0 native plugins for Editor in 0.00 ms.
Mono: successfully reloaded assembly
- Completed reload, in  1.395 seconds
Domain Reload Profiling:
	ReloadAssembly (1396ms)
		BeginReloadAssembly (108ms)
			ExecutionOrderSort (0ms)
			DisableScriptedObjects (6ms)
			BackupInstance (0ms)
			ReleaseScriptingObjects (0ms)
			CreateAndSetChildDomain (20ms)
		EndReloadAssembly (1168ms)
			LoadAssemblies (80ms)
			RebuildTransferFunctionScriptingTraits (0ms)
			SetupTypeCache (341ms)
			ReleaseScriptCaches (1ms)
			RebuildScriptCaches (70ms)
			SetupLoadedEditorAssemblies (624ms)
				LogAssemblyErrors (0ms)
				InitializePlatformSupportModulesInManaged (5ms)
				SetLoadedEditorAssemblies (1ms)
				RefreshPlugins (123ms)
				BeforeProcessingInitializeOnLoad (118ms)
				ProcessInitializeOnLoadAttributes (279ms)
				ProcessInitializeOnLoadMethodAttributes (93ms)
				AfterProcessingInitializeOnLoad (6ms)
				EditorAssembliesLoaded (0ms)
			ExecutionOrderSort2 (0ms)
			AwakeInstancesAfterBackupRestoration (6ms)
Platform modules already initialized, skipping
========================================================================
Worker process is ready to serve import requests
Launched and connected shader compiler UnityShaderCompiler.exe after 0.07 seconds
Refreshing native plugins compatible for Editor in 0.84 ms, found 3 plugins.
Preloading 0 native plugins for Editor in 0.00 ms.
Unloading 5299 Unused Serialized files (Serialized files now loaded: 0)
Unloading 34 unused Assets / (0.7 MB). Loaded Objects now: 5752.
Memory consumption went from 206.1 MB to 205.4 MB.
Total: 4.226700 ms (FindLiveObjects: 0.439300 ms CreateObjectMapping: 0.354600 ms MarkObjects: 3.139800 ms  DeleteObjects: 0.291800 ms)

AssetImportParameters requested are different than current active one (requested -> active):
  custom:video-decoder-ogg-theora: a1e56fd34408186e4bbccfd4996cb3dc -> 
  custom:container-muxer-webm: aa71ff27fc2769a1b78a27578f13a17b -> 
  custom:container-demuxer-webm: 4f35f7cbe854078d1ac9338744f61a02 -> 
  custom:video-encoder-webm-vp8: eb34c28f22e8b96e1ab97ce403110664 -> 
  custom:audio-encoder-webm-vorbis: bf7c407c2cedff20999df2af8eb42d56 -> 
  custom:framework-win-MediaFoundation: 216162199b28c13a410421893ffa2e32 -> 
  custom:container-demuxer-ogg: 62fdf1f143b41e24485cea50d1cbac27 -> 
  custom:video-decoder-webm-vp8: 9c59270c3fd7afecdb556c50c9e8de78 -> 
  custom:audio-decoder-ogg-vorbis: bf7c407c2cedff20999df2af8eb42d56 -> 
========================================================================
Received Import Request.
  Time since last request: 8010.040510 seconds.
  path: Assets/Scripts/Artifact
  artifactKey: Guid(3ff84b5bee184274dae46c38ce5df7a0) Importer(815301076,1909f56bfc062723c751e8b465ee728b)
Start importing Assets/Scripts/Artifact using Guid(3ff84b5bee184274dae46c38ce5df7a0) Importer(815301076,1909f56bfc062723c751e8b465ee728b)  -> (artifact id: 'fdcc7c9e7cbcf9a84386728a7cc48c20') in 0.008568 seconds 
========================================================================
Received Import Request.
  Time since last request: 226.611787 seconds.
  path: Assets/Scripts/Enemy/EnemyAI.cs
  artifactKey: Guid(9fe48a5b673d88c47a295dc91bb31932) Importer(815301076,1909f56bfc062723c751e8b465ee728b)
Start importing Assets/Scripts/Enemy/EnemyAI.cs using Guid(9fe48a5b673d88c47a295dc91bb31932) Importer(815301076,1909f56bfc062723c751e8b465ee728b)  -> (artifact id: '6e66e8914b18c38a3eaab5435ca1fc30') in 0.030852 seconds 
========================================================================
Received Import Request.
  Time since last request: 58.396242 seconds.
  path: Assets/Scripts/Manager
  artifactKey: Guid(1a5c84a2e73d0c74d95ee989638f2400) Importer(815301076,1909f56bfc062723c751e8b465ee728b)
Start importing Assets/Scripts/Manager using Guid(1a5c84a2e73d0c74d95ee989638f2400) Importer(815301076,1909f56bfc062723c751e8b465ee728b)  -> (artifact id: '0c25d641c36ef9f943e9b3434bcb4c90') in 0.008263 seconds 
========================================================================
Received Import Request.
  Time since last request: 36.848830 seconds.
  path: Assets/Scripts/VortexBullet.cs
  artifactKey: Guid(96b4ce4075181744cb3e9f66fbb8ad0b) Importer(815301076,1909f56bfc062723c751e8b465ee728b)
Start importing Assets/Scripts/VortexBullet.cs using Guid(96b4ce4075181744cb3e9f66fbb8ad0b) Importer(815301076,1909f56bfc062723c751e8b465ee728b)  -> (artifact id: 'b8ab5554a4d214830309ad9b466c9079') in 0.005970 seconds 
========================================================================
Received Import Request.
  Time since last request: 0.386977 seconds.
  path: Assets/Scripts/ThirdPersonCamera.cs
  artifactKey: Guid(9170802b42141754c9636bb9df89843c) Importer(815301076,1909f56bfc062723c751e8b465ee728b)
Start importing Assets/Scripts/ThirdPersonCamera.cs using Guid(9170802b42141754c9636bb9df89843c) Importer(815301076,1909f56bfc062723c751e8b465ee728b)  -> (artifact id: '56cef17820e570ce41671bdcffa771eb') in 0.007888 seconds 
========================================================================
Received Import Request.
  Time since last request: 0.333106 seconds.
  path: Assets/Scripts/Protector.cs
  artifactKey: Guid(84596cbdd0f371448a33dc0015e1c301) Importer(815301076,1909f56bfc062723c751e8b465ee728b)
Start importing Assets/Scripts/Protector.cs using Guid(84596cbdd0f371448a33dc0015e1c301) Importer(815301076,1909f56bfc062723c751e8b465ee728b)  -> (artifact id: '62b2804426883b5945c6bc2d2e205f9b') in 0.006117 seconds 
========================================================================
Received Import Request.
  Time since last request: 0.330471 seconds.
  path: Assets/Scripts/PlayerCharacter.cs
  artifactKey: Guid(9c4feba2bd0dbda42969931ec4d2a556) Importer(815301076,1909f56bfc062723c751e8b465ee728b)
Start importing Assets/Scripts/PlayerCharacter.cs using Guid(9c4feba2bd0dbda42969931ec4d2a556) Importer(815301076,1909f56bfc062723c751e8b465ee728b)  -> (artifact id: '4eb2494c6252282b1aab7ca8d72bf8cc') in 0.004783 seconds 
========================================================================
Received Import Request.
  Time since last request: 0.350678 seconds.
  path: Assets/Scripts/Inventory.cs
  artifactKey: Guid(c4522f85b67a32643b4994030c9781fa) Importer(815301076,1909f56bfc062723c751e8b465ee728b)
Start importing Assets/Scripts/Inventory.cs using Guid(c4522f85b67a32643b4994030c9781fa) Importer(815301076,1909f56bfc062723c751e8b465ee728b)  -> (artifact id: '816dd7306e0d30fbde58cedea2fb3e28') in 0.004500 seconds 
========================================================================
Received Import Request.
  Time since last request: 1.289275 seconds.
  path: Assets/Scripts/Pillar/Pillar.cs
  artifactKey: Guid(48e27040360591e47a9eae933130d6d5) Importer(815301076,1909f56bfc062723c751e8b465ee728b)
Start importing Assets/Scripts/Pillar/Pillar.cs using Guid(48e27040360591e47a9eae933130d6d5) Importer(815301076,1909f56bfc062723c751e8b465ee728b)  -> (artifact id: '1cc9065bc93fe68250d624d70084f475') in 0.004622 seconds 
========================================================================
Received Import Request.
  Time since last request: 145.879194 seconds.
  path: Assets/Scripts/PlayerModel.cs
  artifactKey: Guid(610b34bcf862a464d99a1285e868ec35) Importer(815301076,1909f56bfc062723c751e8b465ee728b)
Start importing Assets/Scripts/PlayerModel.cs using Guid(610b34bcf862a464d99a1285e868ec35) Importer(815301076,1909f56bfc062723c751e8b465ee728b)  -> (artifact id: '83e76c8ce9f720ffb9398b8f0b2a3dd4') in 0.005510 seconds 
